C:\USERS\TERENCE\GOOGLE DRIVE\CS 302\PA10\HEAP\HEAP\DEBUG\HEAP.OBJ
C:\USERS\TERENCE\GOOGLE DRIVE\CS 302\PA10\HEAP\HEAP\DEBUG\HEAPSORT.OBJ
C:\USERS\TERENCE\GOOGLE DRIVE\CS 302\PA10\HEAP\HEAP\DEBUG\OSSIM.OBJ
C:\USERS\TERENCE\GOOGLE DRIVE\CS 302\PA10\HEAP\HEAP\DEBUG\PRIORITYQUEUE.OBJ
C:\USERS\TERENCE\GOOGLE DRIVE\CS 302\PA10\HEAP\HEAP\DEBUG\VC110.PDB
C:\USERS\TERENCE\GOOGLE DRIVE\CS 302\PA10\HEAP\DEBUG\HEAP.ILK
C:\USERS\TERENCE\GOOGLE DRIVE\CS 302\PA10\HEAP\DEBUG\HEAP.EXE
C:\USERS\TERENCE\GOOGLE DRIVE\CS 302\PA10\HEAP\DEBUG\HEAP.PDB
C:\Users\Terence\Google Drive\CS 302\PA10\Heap\Heap\Debug\Heap.obj
C:\Users\Terence\Google Drive\CS 302\PA10\Heap\Heap\Debug\heapsort.obj
C:\Users\Terence\Google Drive\CS 302\PA10\Heap\Heap\Debug\ossim.obj
C:\Users\Terence\Google Drive\CS 302\PA10\Heap\Heap\Debug\PriorityQueue.obj
C:\Users\Terence\Google Drive\CS 302\PA10\Heap\Heap\Debug\cl.command.1.tlog
C:\Users\Terence\Google Drive\CS 302\PA10\Heap\Heap\Debug\CL.read.1.tlog
C:\Users\Terence\Google Drive\CS 302\PA10\Heap\Heap\Debug\CL.write.1.tlog
C:\Users\Terence\Google Drive\CS 302\PA10\Heap\Heap\Debug\link-cvtres.read.1.tlog
C:\Users\Terence\Google Drive\CS 302\PA10\Heap\Heap\Debug\link-cvtres.write.1.tlog
C:\Users\Terence\Google Drive\CS 302\PA10\Heap\Heap\Debug\link-rc.read.1.tlog
C:\Users\Terence\Google Drive\CS 302\PA10\Heap\Heap\Debug\link-rc.write.1.tlog
C:\Users\Terence\Google Drive\CS 302\PA10\Heap\Heap\Debug\link.command.1.tlog
C:\Users\Terence\Google Drive\CS 302\PA10\Heap\Heap\Debug\link.read.1.tlog
C:\Users\Terence\Google Drive\CS 302\PA10\Heap\Heap\Debug\link.write.1.tlog
C:\Users\Terence\Google Drive\CS 302\PA10\Heap\Heap\Debug\vc110.idb
C:\Users\Terence\Google Drive\CS 302\PA10\Heap\Heap\Debug\vc110.pdb
C:\Users\Terence\Google Drive\CS 302\PA10\Heap\Debug\Heap.pdb
C:\Users\Terence\Google Drive\CS 302\PA10\Heap\Debug\Heap.exe
C:\Users\Terence\Google Drive\CS 302\PA10\Heap\Debug\Heap.ilk
