Build started 11/13/2013 1:08:49 PM.
     1>Project "C:\Users\Terence\Google Drive\CS 302\PA10\Heap\Heap\Heap.vcxproj" on node 2 (Rebuild target(s)).
     1>ClCompile:
         C:\Program Files (x86)\Microsoft Visual Studio 11.0\VC\bin\CL.exe /c /ZI /nologo /W3 /WX- /Od /Oy- /D WIN32 /D _DEBUG /D _CONSOLE /D _UNICODE /D UNICODE /Gm /EHsc /RTC1 /MDd /GS /fp:precise /Zc:wchar_t /Zc:forScope /Fo"Debug\\" /Fd"Debug\vc110.pdb" /Gd /TP /analyze- /errorReport:prompt ..\..\Heap.cpp ..\..\heapsort.cpp ..\..\ossim.cpp ..\..\PriorityQueue.cpp
         PriorityQueue.cpp
     1>c:\users\terence\google drive\cs 302\pa10\heap.h(80): warning C4290: C++ exception specification ignored except to indicate a function is not __declspec(nothrow)
                 c:\users\terence\google drive\cs 302\pa10\heap.h(107) : see reference to class template instantiation 'Heap<DataType,KeyType,Comparator>' being compiled
     1>c:\users\terence\google drive\cs 302\pa10\heap.h(81): warning C4290: C++ exception specification ignored except to indicate a function is not __declspec(nothrow)
     1>c:\users\terence\google drive\cs 302\pa10\heap.cpp(234): warning C4290: C++ exception specification ignored except to indicate a function is not __declspec(nothrow)
     1>c:\users\terence\google drive\cs 302\pa10\heap.cpp(327): warning C4290: C++ exception specification ignored except to indicate a function is not __declspec(nothrow)
         ossim.cpp
     1>c:\users\terence\google drive\cs 302\pa10\heap.h(80): warning C4290: C++ exception specification ignored except to indicate a function is not __declspec(nothrow)
                 c:\users\terence\google drive\cs 302\pa10\heap.h(107) : see reference to class template instantiation 'Heap<DataType,KeyType,Comparator>' being compiled
     1>c:\users\terence\google drive\cs 302\pa10\heap.h(81): warning C4290: C++ exception specification ignored except to indicate a function is not __declspec(nothrow)
     1>c:\users\terence\google drive\cs 302\pa10\heap.cpp(234): warning C4290: C++ exception specification ignored except to indicate a function is not __declspec(nothrow)
     1>c:\users\terence\google drive\cs 302\pa10\heap.cpp(327): warning C4290: C++ exception specification ignored except to indicate a function is not __declspec(nothrow)
         heapsort.cpp
         Heap.cpp
     1>c:\users\terence\google drive\cs 302\pa10\heap.h(80): warning C4290: C++ exception specification ignored except to indicate a function is not __declspec(nothrow)
                 c:\users\terence\google drive\cs 302\pa10\heap.h(107) : see reference to class template instantiation 'Heap<DataType,KeyType,Comparator>' being compiled
     1>c:\users\terence\google drive\cs 302\pa10\heap.h(81): warning C4290: C++ exception specification ignored except to indicate a function is not __declspec(nothrow)
     1>c:\users\terence\google drive\cs 302\pa10\heap.cpp(234): warning C4290: C++ exception specification ignored except to indicate a function is not __declspec(nothrow)
     1>c:\users\terence\google drive\cs 302\pa10\heap.cpp(327): warning C4290: C++ exception specification ignored except to indicate a function is not __declspec(nothrow)
         Generating Code...
       Link:
         C:\Program Files (x86)\Microsoft Visual Studio 11.0\VC\bin\link.exe /ERRORREPORT:PROMPT /OUT:"C:\Users\Terence\Google Drive\CS 302\PA10\Heap\Debug\Heap.exe" /INCREMENTAL /NOLOGO kernel32.lib user32.lib gdi32.lib winspool.lib comdlg32.lib advapi32.lib shell32.lib ole32.lib oleaut32.lib uuid.lib odbc32.lib odbccp32.lib /MANIFEST /MANIFESTUAC:"level='asInvoker' uiAccess='false'" /manifest:embed /DEBUG /PDB:"C:\Users\Terence\Google Drive\CS 302\PA10\Heap\Debug\Heap.pdb" /SUBSYSTEM:CONSOLE /TLBID:1 /DYNAMICBASE /NXCOMPAT /IMPLIB:"C:\Users\Terence\Google Drive\CS 302\PA10\Heap\Debug\Heap.lib" /MACHINE:X86 Debug\Heap.obj
         Debug\heapsort.obj
         Debug\ossim.obj
         Debug\PriorityQueue.obj
         Heap.vcxproj -> C:\Users\Terence\Google Drive\CS 302\PA10\Heap\Debug\Heap.exe
     1>Done Building Project "C:\Users\Terence\Google Drive\CS 302\PA10\Heap\Heap\Heap.vcxproj" (Rebuild target(s)).

Build succeeded.

Time Elapsed 00:00:03.26
