\BOOKMARK [0][-]{chapter.1}{\376\377\000C\000l\000a\000s\000s\000\040\000I\000n\000d\000e\000x}{}
\BOOKMARK [1][-]{section.1.1}{\376\377\000C\000l\000a\000s\000s\000\040\000H\000i\000e\000r\000a\000r\000c\000h\000y}{chapter.1}
\BOOKMARK [0][-]{chapter.2}{\376\377\000C\000l\000a\000s\000s\000\040\000I\000n\000d\000e\000x}{}
\BOOKMARK [1][-]{section.2.1}{\376\377\000C\000l\000a\000s\000s\000\040\000L\000i\000s\000t}{chapter.2}
\BOOKMARK [0][-]{chapter.3}{\376\377\000F\000i\000l\000e\000\040\000I\000n\000d\000e\000x}{}
\BOOKMARK [1][-]{section.3.1}{\376\377\000F\000i\000l\000e\000\040\000L\000i\000s\000t}{chapter.3}
\BOOKMARK [0][-]{chapter.4}{\376\377\000C\000l\000a\000s\000s\000\040\000D\000o\000c\000u\000m\000e\000n\000t\000a\000t\000i\000o\000n}{}
\BOOKMARK [1][-]{section.4.1}{\376\377\000G\000r\000e\000a\000t\000e\000r\000<\000\040\000K\000e\000y\000T\000y\000p\000e\000\040\000>\000\040\000C\000l\000a\000s\000s\000\040\000T\000e\000m\000p\000l\000a\000t\000e\000\040\000R\000e\000f\000e\000r\000e\000n\000c\000e}{chapter.4}
\BOOKMARK [2][-]{subsection.4.1.1}{\376\377\000M\000e\000m\000b\000e\000r\000\040\000F\000u\000n\000c\000t\000i\000o\000n\000\040\000D\000o\000c\000u\000m\000e\000n\000t\000a\000t\000i\000o\000n}{section.4.1}
\BOOKMARK [3][-]{subsubsection.4.1.1.1}{\376\377\000o\000p\000e\000r\000a\000t\000o\000r\000\050\000\051}{subsection.4.1.1}
\BOOKMARK [1][-]{section.4.2}{\376\377\000H\000e\000a\000p\000<\000\040\000D\000a\000t\000a\000T\000y\000p\000e\000,\000\040\000K\000e\000y\000T\000y\000p\000e\000,\000\040\000C\000o\000m\000p\000a\000r\000a\000t\000o\000r\000\040\000>\000\040\000C\000l\000a\000s\000s\000\040\000T\000e\000m\000p\000l\000a\000t\000e\000\040\000R\000e\000f\000e\000r\000e\000n\000c\000e}{chapter.4}
\BOOKMARK [2][-]{subsection.4.2.1}{\376\377\000D\000e\000t\000a\000i\000l\000e\000d\000\040\000D\000e\000s\000c\000r\000i\000p\000t\000i\000o\000n}{section.4.2}
\BOOKMARK [2][-]{subsection.4.2.2}{\376\377\000C\000o\000n\000s\000t\000r\000u\000c\000t\000o\000r\000\040\000\046\000\040\000D\000e\000s\000t\000r\000u\000c\000t\000o\000r\000\040\000D\000o\000c\000u\000m\000e\000n\000t\000a\000t\000i\000o\000n}{section.4.2}
\BOOKMARK [3][-]{subsubsection.4.2.2.1}{\376\377\000H\000e\000a\000p}{subsection.4.2.2}
\BOOKMARK [3][-]{subsubsection.4.2.2.2}{\376\377\000H\000e\000a\000p}{subsection.4.2.2}
\BOOKMARK [3][-]{subsubsection.4.2.2.3}{\376\377\000H\000e\000a\000p}{subsection.4.2.2}
\BOOKMARK [2][-]{subsection.4.2.3}{\376\377\000M\000e\000m\000b\000e\000r\000\040\000F\000u\000n\000c\000t\000i\000o\000n\000\040\000D\000o\000c\000u\000m\000e\000n\000t\000a\000t\000i\000o\000n}{section.4.2}
\BOOKMARK [3][-]{subsubsection.4.2.3.1}{\376\377\000c\000l\000e\000a\000r}{subsection.4.2.3}
\BOOKMARK [3][-]{subsubsection.4.2.3.2}{\376\377\000i\000n\000s\000e\000r\000t}{subsection.4.2.3}
\BOOKMARK [3][-]{subsubsection.4.2.3.3}{\376\377\000i\000s\000E\000m\000p\000t\000y}{subsection.4.2.3}
\BOOKMARK [3][-]{subsubsection.4.2.3.4}{\376\377\000i\000s\000F\000u\000l\000l}{subsection.4.2.3}
\BOOKMARK [3][-]{subsubsection.4.2.3.5}{\376\377\000o\000p\000e\000r\000a\000t\000o\000r\000=}{subsection.4.2.3}
\BOOKMARK [3][-]{subsubsection.4.2.3.6}{\376\377\000r\000e\000m\000o\000v\000e}{subsection.4.2.3}
\BOOKMARK [3][-]{subsubsection.4.2.3.7}{\376\377\000s\000h\000o\000w\000S\000t\000r\000u\000c\000t\000u\000r\000e}{subsection.4.2.3}
\BOOKMARK [3][-]{subsubsection.4.2.3.8}{\376\377\000s\000h\000o\000w\000S\000u\000b\000t\000r\000e\000e}{subsection.4.2.3}
\BOOKMARK [3][-]{subsubsection.4.2.3.9}{\376\377\000w\000r\000i\000t\000e\000L\000e\000v\000e\000l\000s}{subsection.4.2.3}
\BOOKMARK [2][-]{subsection.4.2.4}{\376\377\000M\000e\000m\000b\000e\000r\000\040\000D\000a\000t\000a\000\040\000D\000o\000c\000u\000m\000e\000n\000t\000a\000t\000i\000o\000n}{section.4.2}
\BOOKMARK [3][-]{subsubsection.4.2.4.1}{\376\377\000c\000o\000m\000p\000a\000r\000a\000t\000o\000r}{subsection.4.2.4}
\BOOKMARK [3][-]{subsubsection.4.2.4.2}{\376\377\000d\000a\000t\000a\000I\000t\000e\000m\000s}{subsection.4.2.4}
\BOOKMARK [3][-]{subsubsection.4.2.4.3}{\376\377\000D\000E\000F\000A\000U\000L\000T\000\137\000M\000A\000X\000\137\000H\000E\000A\000P\000\137\000S\000I\000Z\000E}{subsection.4.2.4}
\BOOKMARK [3][-]{subsubsection.4.2.4.4}{\376\377\000m\000a\000x\000S\000i\000z\000e}{subsection.4.2.4}
\BOOKMARK [3][-]{subsubsection.4.2.4.5}{\376\377\000s\000i\000z\000e}{subsection.4.2.4}
\BOOKMARK [1][-]{section.4.3}{\376\377\000L\000e\000s\000s\000<\000\040\000K\000e\000y\000T\000y\000p\000e\000\040\000>\000\040\000C\000l\000a\000s\000s\000\040\000T\000e\000m\000p\000l\000a\000t\000e\000\040\000R\000e\000f\000e\000r\000e\000n\000c\000e}{chapter.4}
\BOOKMARK [2][-]{subsection.4.3.1}{\376\377\000D\000e\000t\000a\000i\000l\000e\000d\000\040\000D\000e\000s\000c\000r\000i\000p\000t\000i\000o\000n}{section.4.3}
\BOOKMARK [2][-]{subsection.4.3.2}{\376\377\000M\000e\000m\000b\000e\000r\000\040\000F\000u\000n\000c\000t\000i\000o\000n\000\040\000D\000o\000c\000u\000m\000e\000n\000t\000a\000t\000i\000o\000n}{section.4.3}
\BOOKMARK [3][-]{subsubsection.4.3.2.1}{\376\377\000o\000p\000e\000r\000a\000t\000o\000r\000\050\000\051}{subsection.4.3.2}
\BOOKMARK [1][-]{section.4.4}{\376\377\000P\000r\000i\000o\000r\000i\000t\000y\000A\000r\000r\000i\000v\000a\000l\000C\000o\000m\000p\000a\000r\000e\000<\000\040\000T\000a\000s\000k\000T\000y\000p\000e\000\040\000>\000\040\000C\000l\000a\000s\000s\000\040\000T\000e\000m\000p\000l\000a\000t\000e\000\040\000R\000e\000f\000e\000r\000e\000n\000c\000e}{chapter.4}
\BOOKMARK [2][-]{subsection.4.4.1}{\376\377\000D\000e\000t\000a\000i\000l\000e\000d\000\040\000D\000e\000s\000c\000r\000i\000p\000t\000i\000o\000n}{section.4.4}
\BOOKMARK [2][-]{subsection.4.4.2}{\376\377\000M\000e\000m\000b\000e\000r\000\040\000F\000u\000n\000c\000t\000i\000o\000n\000\040\000D\000o\000c\000u\000m\000e\000n\000t\000a\000t\000i\000o\000n}{section.4.4}
\BOOKMARK [3][-]{subsubsection.4.4.2.1}{\376\377\000o\000p\000e\000r\000a\000t\000o\000r\000\050\000\051}{subsection.4.4.2}
\BOOKMARK [1][-]{section.4.5}{\376\377\000P\000r\000i\000o\000r\000i\000t\000y\000Q\000u\000e\000u\000e\000<\000\040\000D\000a\000t\000a\000T\000y\000p\000e\000,\000\040\000K\000e\000y\000T\000y\000p\000e\000,\000\040\000C\000o\000m\000p\000a\000r\000a\000t\000o\000r\000\040\000>\000\040\000C\000l\000a\000s\000s\000\040\000T\000e\000m\000p\000l\000a\000t\000e\000\040\000R\000e\000f\000e\000r\000e\000n\000c\000e}{chapter.4}
\BOOKMARK [2][-]{subsection.4.5.1}{\376\377\000D\000e\000t\000a\000i\000l\000e\000d\000\040\000D\000e\000s\000c\000r\000i\000p\000t\000i\000o\000n}{section.4.5}
\BOOKMARK [2][-]{subsection.4.5.2}{\376\377\000C\000o\000n\000s\000t\000r\000u\000c\000t\000o\000r\000\040\000\046\000\040\000D\000e\000s\000t\000r\000u\000c\000t\000o\000r\000\040\000D\000o\000c\000u\000m\000e\000n\000t\000a\000t\000i\000o\000n}{section.4.5}
\BOOKMARK [3][-]{subsubsection.4.5.2.1}{\376\377\000P\000r\000i\000o\000r\000i\000t\000y\000Q\000u\000e\000u\000e}{subsection.4.5.2}
\BOOKMARK [3][-]{subsubsection.4.5.2.2}{\376\377\000P\000r\000i\000o\000r\000i\000t\000y\000Q\000u\000e\000u\000e}{subsection.4.5.2}
\BOOKMARK [2][-]{subsection.4.5.3}{\376\377\000M\000e\000m\000b\000e\000r\000\040\000F\000u\000n\000c\000t\000i\000o\000n\000\040\000D\000o\000c\000u\000m\000e\000n\000t\000a\000t\000i\000o\000n}{section.4.5}
\BOOKMARK [3][-]{subsubsection.4.5.3.1}{\376\377\000d\000e\000q\000u\000e\000u\000e}{subsection.4.5.3}
\BOOKMARK [3][-]{subsubsection.4.5.3.2}{\376\377\000e\000n\000q\000u\000e\000u\000e}{subsection.4.5.3}
\BOOKMARK [1][-]{section.4.6}{\376\377\000T\000a\000s\000k\000D\000a\000t\000a\000\040\000S\000t\000r\000u\000c\000t\000\040\000R\000e\000f\000e\000r\000e\000n\000c\000e}{chapter.4}
\BOOKMARK [2][-]{subsection.4.6.1}{\376\377\000D\000e\000t\000a\000i\000l\000e\000d\000\040\000D\000e\000s\000c\000r\000i\000p\000t\000i\000o\000n}{section.4.6}
\BOOKMARK [2][-]{subsection.4.6.2}{\376\377\000M\000e\000m\000b\000e\000r\000\040\000F\000u\000n\000c\000t\000i\000o\000n\000\040\000D\000o\000c\000u\000m\000e\000n\000t\000a\000t\000i\000o\000n}{section.4.6}
\BOOKMARK [3][-]{subsubsection.4.6.2.1}{\376\377\000g\000e\000t\000A\000r\000r\000i\000v\000a\000l}{subsection.4.6.2}
\BOOKMARK [3][-]{subsubsection.4.6.2.2}{\376\377\000g\000e\000t\000P\000r\000i\000o\000r\000i\000t\000y}{subsection.4.6.2}
\BOOKMARK [2][-]{subsection.4.6.3}{\376\377\000M\000e\000m\000b\000e\000r\000\040\000D\000a\000t\000a\000\040\000D\000o\000c\000u\000m\000e\000n\000t\000a\000t\000i\000o\000n}{section.4.6}
\BOOKMARK [3][-]{subsubsection.4.6.3.1}{\376\377\000a\000r\000r\000i\000v\000e\000d}{subsection.4.6.3}
\BOOKMARK [3][-]{subsubsection.4.6.3.2}{\376\377\000p\000r\000i\000o\000r\000i\000t\000y}{subsection.4.6.3}
\BOOKMARK [1][-]{section.4.7}{\376\377\000T\000e\000s\000t\000D\000a\000t\000a\000I\000t\000e\000m\000<\000\040\000K\000e\000y\000T\000y\000p\000e\000\040\000>\000\040\000C\000l\000a\000s\000s\000\040\000T\000e\000m\000p\000l\000a\000t\000e\000\040\000R\000e\000f\000e\000r\000e\000n\000c\000e}{chapter.4}
\BOOKMARK [2][-]{subsection.4.7.1}{\376\377\000C\000o\000n\000s\000t\000r\000u\000c\000t\000o\000r\000\040\000\046\000\040\000D\000e\000s\000t\000r\000u\000c\000t\000o\000r\000\040\000D\000o\000c\000u\000m\000e\000n\000t\000a\000t\000i\000o\000n}{section.4.7}
\BOOKMARK [3][-]{subsubsection.4.7.1.1}{\376\377\000T\000e\000s\000t\000D\000a\000t\000a\000I\000t\000e\000m}{subsection.4.7.1}
\BOOKMARK [2][-]{subsection.4.7.2}{\376\377\000M\000e\000m\000b\000e\000r\000\040\000F\000u\000n\000c\000t\000i\000o\000n\000\040\000D\000o\000c\000u\000m\000e\000n\000t\000a\000t\000i\000o\000n}{section.4.7}
\BOOKMARK [3][-]{subsubsection.4.7.2.1}{\376\377\000g\000e\000t\000P\000r\000i\000o\000r\000i\000t\000y}{subsection.4.7.2}
\BOOKMARK [3][-]{subsubsection.4.7.2.2}{\376\377\000s\000e\000t\000P\000r\000i\000o\000r\000i\000t\000y}{subsection.4.7.2}
\BOOKMARK [2][-]{subsection.4.7.3}{\376\377\000M\000e\000m\000b\000e\000r\000\040\000D\000a\000t\000a\000\040\000D\000o\000c\000u\000m\000e\000n\000t\000a\000t\000i\000o\000n}{section.4.7}
\BOOKMARK [3][-]{subsubsection.4.7.3.1}{\376\377\000p\000r\000i\000o\000r\000i\000t\000y}{subsection.4.7.3}
\BOOKMARK [0][-]{chapter.5}{\376\377\000F\000i\000l\000e\000\040\000D\000o\000c\000u\000m\000e\000n\000t\000a\000t\000i\000o\000n}{}
\BOOKMARK [1][-]{section.5.1}{\376\377\000c\000o\000n\000f\000i\000g\000.\000h\000\040\000F\000i\000l\000e\000\040\000R\000e\000f\000e\000r\000e\000n\000c\000e}{chapter.5}
\BOOKMARK [2][-]{subsection.5.1.1}{\376\377\000D\000e\000f\000i\000n\000e\000\040\000D\000o\000c\000u\000m\000e\000n\000t\000a\000t\000i\000o\000n}{section.5.1}
\BOOKMARK [3][-]{subsubsection.5.1.1.1}{\376\377\000L\000A\000B\0001\0001\000\137\000T\000E\000S\000T\0001}{subsection.5.1.1}
\BOOKMARK [1][-]{section.5.2}{\376\377\000H\000e\000a\000p\000.\000c\000p\000p\000\040\000F\000i\000l\000e\000\040\000R\000e\000f\000e\000r\000e\000n\000c\000e}{chapter.5}
\BOOKMARK [2][-]{subsection.5.2.1}{\376\377\000D\000e\000t\000a\000i\000l\000e\000d\000\040\000D\000e\000s\000c\000r\000i\000p\000t\000i\000o\000n}{section.5.2}
\BOOKMARK [1][-]{section.5.3}{\376\377\000H\000e\000a\000p\000.\000h\000\040\000F\000i\000l\000e\000\040\000R\000e\000f\000e\000r\000e\000n\000c\000e}{chapter.5}
\BOOKMARK [2][-]{subsection.5.3.1}{\376\377\000D\000e\000t\000a\000i\000l\000e\000d\000\040\000D\000e\000s\000c\000r\000i\000p\000t\000i\000o\000n}{section.5.3}
\BOOKMARK [1][-]{section.5.4}{\376\377\000h\000e\000a\000p\000s\000o\000r\000t\000.\000c\000p\000p\000\040\000F\000i\000l\000e\000\040\000R\000e\000f\000e\000r\000e\000n\000c\000e}{chapter.5}
\BOOKMARK [2][-]{subsection.5.4.1}{\376\377\000F\000u\000n\000c\000t\000i\000o\000n\000\040\000D\000o\000c\000u\000m\000e\000n\000t\000a\000t\000i\000o\000n}{section.5.4}
\BOOKMARK [3][-]{subsubsection.5.4.1.1}{\376\377\000h\000e\000a\000p\000S\000o\000r\000t}{subsection.5.4.1}
\BOOKMARK [3][-]{subsubsection.5.4.1.2}{\376\377\000m\000o\000v\000e\000D\000o\000w\000n}{subsection.5.4.1}
\BOOKMARK [1][-]{section.5.5}{\376\377\000o\000s\000s\000i\000m\000.\000c\000p\000p\000\040\000F\000i\000l\000e\000\040\000R\000e\000f\000e\000r\000e\000n\000c\000e}{chapter.5}
\BOOKMARK [2][-]{subsection.5.5.1}{\376\377\000D\000e\000t\000a\000i\000l\000e\000d\000\040\000D\000e\000s\000c\000r\000i\000p\000t\000i\000o\000n}{section.5.5}
\BOOKMARK [2][-]{subsection.5.5.2}{\376\377\000F\000u\000n\000c\000t\000i\000o\000n\000\040\000D\000o\000c\000u\000m\000e\000n\000t\000a\000t\000i\000o\000n}{section.5.5}
\BOOKMARK [3][-]{subsubsection.5.5.2.1}{\376\377\000a\000d\000d\000T\000a\000s\000k}{subsection.5.5.2}
\BOOKMARK [3][-]{subsubsection.5.5.2.2}{\376\377\000m\000a\000i\000n}{subsection.5.5.2}
\BOOKMARK [1][-]{section.5.6}{\376\377\000P\000r\000i\000o\000r\000i\000t\000y\000Q\000u\000e\000u\000e\000.\000c\000p\000p\000\040\000F\000i\000l\000e\000\040\000R\000e\000f\000e\000r\000e\000n\000c\000e}{chapter.5}
\BOOKMARK [2][-]{subsection.5.6.1}{\376\377\000D\000e\000t\000a\000i\000l\000e\000d\000\040\000D\000e\000s\000c\000r\000i\000p\000t\000i\000o\000n}{section.5.6}
\BOOKMARK [1][-]{section.5.7}{\376\377\000P\000r\000i\000o\000r\000i\000t\000y\000Q\000u\000e\000u\000e\000.\000h\000\040\000F\000i\000l\000e\000\040\000R\000e\000f\000e\000r\000e\000n\000c\000e}{chapter.5}
\BOOKMARK [2][-]{subsection.5.7.1}{\376\377\000V\000a\000r\000i\000a\000b\000l\000e\000\040\000D\000o\000c\000u\000m\000e\000n\000t\000a\000t\000i\000o\000n}{section.5.7}
\BOOKMARK [3][-]{subsubsection.5.7.1.1}{\376\377\000d\000e\000f\000M\000a\000x\000Q\000u\000e\000u\000e\000S\000i\000z\000e}{subsection.5.7.1}
\BOOKMARK [1][-]{section.5.8}{\376\377\000t\000e\000s\000t\0001\0001\000.\000c\000p\000p\000\040\000F\000i\000l\000e\000\040\000R\000e\000f\000e\000r\000e\000n\000c\000e}{chapter.5}
\BOOKMARK [2][-]{subsection.5.8.1}{\376\377\000F\000u\000n\000c\000t\000i\000o\000n\000\040\000D\000o\000c\000u\000m\000e\000n\000t\000a\000t\000i\000o\000n}{section.5.8}
\BOOKMARK [3][-]{subsubsection.5.8.1.1}{\376\377\000m\000a\000i\000n}{subsection.5.8.1}
\BOOKMARK [3][-]{subsubsection.5.8.1.2}{\376\377\000p\000r\000i\000n\000t\000H\000e\000l\000p}{subsection.5.8.1}
