C:\USERS\TERENCE\GOOGLE DRIVE\CS 302\PA09\HASHTABLE\HASHTABLE\DEBUG\BSTREE.OBJ
C:\USERS\TERENCE\GOOGLE DRIVE\CS 302\PA09\HASHTABLE\HASHTABLE\DEBUG\HASHTABLE.OBJ
C:\USERS\TERENCE\GOOGLE DRIVE\CS 302\PA09\HASHTABLE\HASHTABLE\DEBUG\LOGIN.OBJ
C:\USERS\TERENCE\GOOGLE DRIVE\CS 302\PA09\HASHTABLE\HASHTABLE\DEBUG\VC110.PDB
C:\USERS\TERENCE\GOOGLE DRIVE\CS 302\PA09\HASHTABLE\DEBUG\HASHTABLE.ILK
C:\USERS\TERENCE\GOOGLE DRIVE\CS 302\PA09\HASHTABLE\DEBUG\HASHTABLE.EXE
C:\USERS\TERENCE\GOOGLE DRIVE\CS 302\PA09\HASHTABLE\DEBUG\HASHTABLE.PDB
C:\Users\Terence\Google Drive\CS 302\PA09\HashTable\HashTable\Debug\BSTree.obj
C:\Users\Terence\Google Drive\CS 302\PA09\HashTable\HashTable\Debug\HashTable.obj
C:\Users\Terence\Google Drive\CS 302\PA09\HashTable\HashTable\Debug\login.obj
C:\Users\Terence\Google Drive\CS 302\PA09\HashTable\HashTable\Debug\cl.command.1.tlog
C:\Users\Terence\Google Drive\CS 302\PA09\HashTable\HashTable\Debug\CL.read.1.tlog
C:\Users\Terence\Google Drive\CS 302\PA09\HashTable\HashTable\Debug\CL.write.1.tlog
C:\Users\Terence\Google Drive\CS 302\PA09\HashTable\HashTable\Debug\link-cvtres.read.1.tlog
C:\Users\Terence\Google Drive\CS 302\PA09\HashTable\HashTable\Debug\link-cvtres.write.1.tlog
C:\Users\Terence\Google Drive\CS 302\PA09\HashTable\HashTable\Debug\link-rc.read.1.tlog
C:\Users\Terence\Google Drive\CS 302\PA09\HashTable\HashTable\Debug\link-rc.write.1.tlog
C:\Users\Terence\Google Drive\CS 302\PA09\HashTable\HashTable\Debug\link.command.1.tlog
C:\Users\Terence\Google Drive\CS 302\PA09\HashTable\HashTable\Debug\link.read.1.tlog
C:\Users\Terence\Google Drive\CS 302\PA09\HashTable\HashTable\Debug\link.write.1.tlog
C:\Users\Terence\Google Drive\CS 302\PA09\HashTable\HashTable\Debug\vc110.idb
C:\Users\Terence\Google Drive\CS 302\PA09\HashTable\HashTable\Debug\vc110.pdb
C:\Users\Terence\Google Drive\CS 302\PA09\HashTable\Debug\HashTable.pdb
C:\Users\Terence\Google Drive\CS 302\PA09\HashTable\Debug\HashTable.exe
C:\Users\Terence\Google Drive\CS 302\PA09\HashTable\Debug\HashTable.ilk
