C:\USERS\TERENCE\GOOGLE DRIVE\CS 302\PA07\EXPRESSIONTREE\EXPRESSIONTREE\DEBUG\EXPRESSIONTREE.OBJ
C:\USERS\TERENCE\GOOGLE DRIVE\CS 302\PA07\EXPRESSIONTREE\EXPRESSIONTREE\DEBUG\TEST8.OBJ
C:\USERS\TERENCE\GOOGLE DRIVE\CS 302\PA07\EXPRESSIONTREE\EXPRESSIONTREE\DEBUG\VC110.PDB
C:\USERS\TERENCE\GOOGLE DRIVE\CS 302\PA07\EXPRESSIONTREE\DEBUG\EXPRESSIONTREE.ILK
C:\USERS\TERENCE\GOOGLE DRIVE\CS 302\PA07\EXPRESSIONTREE\DEBUG\EXPRESSIONTREE.EXE
C:\USERS\TERENCE\GOOGLE DRIVE\CS 302\PA07\EXPRESSIONTREE\DEBUG\EXPRESSIONTREE.PDB
C:\Users\Terence\Google Drive\CS 302\PA07\ExpressionTree\ExpressionTree\Debug\ExpressionTree.obj
C:\Users\Terence\Google Drive\CS 302\PA07\ExpressionTree\ExpressionTree\Debug\test8.obj
C:\Users\Terence\Google Drive\CS 302\PA07\ExpressionTree\ExpressionTree\Debug\cl.command.1.tlog
C:\Users\Terence\Google Drive\CS 302\PA07\ExpressionTree\ExpressionTree\Debug\CL.read.1.tlog
C:\Users\Terence\Google Drive\CS 302\PA07\ExpressionTree\ExpressionTree\Debug\CL.write.1.tlog
C:\Users\Terence\Google Drive\CS 302\PA07\ExpressionTree\ExpressionTree\Debug\link-cvtres.read.1.tlog
C:\Users\Terence\Google Drive\CS 302\PA07\ExpressionTree\ExpressionTree\Debug\link-cvtres.write.1.tlog
C:\Users\Terence\Google Drive\CS 302\PA07\ExpressionTree\ExpressionTree\Debug\link-rc.read.1.tlog
C:\Users\Terence\Google Drive\CS 302\PA07\ExpressionTree\ExpressionTree\Debug\link-rc.write.1.tlog
C:\Users\Terence\Google Drive\CS 302\PA07\ExpressionTree\ExpressionTree\Debug\link.command.1.tlog
C:\Users\Terence\Google Drive\CS 302\PA07\ExpressionTree\ExpressionTree\Debug\link.read.1.tlog
C:\Users\Terence\Google Drive\CS 302\PA07\ExpressionTree\ExpressionTree\Debug\link.write.1.tlog
C:\Users\Terence\Google Drive\CS 302\PA07\ExpressionTree\ExpressionTree\Debug\vc110.idb
C:\Users\Terence\Google Drive\CS 302\PA07\ExpressionTree\ExpressionTree\Debug\vc110.pdb
C:\Users\Terence\Google Drive\CS 302\PA07\ExpressionTree\Debug\ExpressionTree.pdb
C:\Users\Terence\Google Drive\CS 302\PA07\ExpressionTree\Debug\ExpressionTree.exe
C:\Users\Terence\Google Drive\CS 302\PA07\ExpressionTree\Debug\ExpressionTree.ilk
