Build started 10/20/2013 8:39:41 AM.
     1>Project "C:\Users\Terence\Google Drive\CS 302\PA07\ExpressionTree\ExpressionTree\ExpressionTree.vcxproj" on node 2 (Rebuild target(s)).
     1>ClCompile:
         C:\Program Files (x86)\Microsoft Visual Studio 11.0\VC\bin\CL.exe /c /ZI /nologo /W3 /WX- /Od /Oy- /D WIN32 /D _DEBUG /D _CONSOLE /D _UNICODE /D UNICODE /Gm /EHsc /RTC1 /MDd /GS /fp:precise /Zc:wchar_t /Zc:forScope /Fo"Debug\\" /Fd"Debug\vc110.pdb" /Gd /TP /analyze- /errorReport:prompt ..\..\ExpressionTree.cpp ..\..\test8.cpp
         test8.cpp
     1>c:\users\terence\google drive\cs 302\pa07\expressiontree.h(65): warning C4290: C++ exception specification ignored except to indicate a function is not __declspec(nothrow)
                 c:\users\terence\google drive\cs 302\pa07\expressiontree.h(100) : see reference to class template instantiation 'ExprTree<DataType>' being compiled
     1>c:\users\terence\google drive\cs 302\pa07\expressiontree.h(77): warning C4290: C++ exception specification ignored except to indicate a function is not __declspec(nothrow)
     1>c:\users\terence\google drive\cs 302\pa07\expressiontree.cpp(433): warning C4290: C++ exception specification ignored except to indicate a function is not __declspec(nothrow)
     1>c:\users\terence\google drive\cs 302\pa07\expressiontree.cpp(813): warning C4290: C++ exception specification ignored except to indicate a function is not __declspec(nothrow)
         ExpressionTree.cpp
     1>c:\users\terence\google drive\cs 302\pa07\expressiontree.h(65): warning C4290: C++ exception specification ignored except to indicate a function is not __declspec(nothrow)
                 c:\users\terence\google drive\cs 302\pa07\expressiontree.h(100) : see reference to class template instantiation 'ExprTree<DataType>' being compiled
     1>c:\users\terence\google drive\cs 302\pa07\expressiontree.h(77): warning C4290: C++ exception specification ignored except to indicate a function is not __declspec(nothrow)
     1>c:\users\terence\google drive\cs 302\pa07\expressiontree.cpp(433): warning C4290: C++ exception specification ignored except to indicate a function is not __declspec(nothrow)
     1>c:\users\terence\google drive\cs 302\pa07\expressiontree.cpp(813): warning C4290: C++ exception specification ignored except to indicate a function is not __declspec(nothrow)
         Generating Code...
       Link:
         C:\Program Files (x86)\Microsoft Visual Studio 11.0\VC\bin\link.exe /ERRORREPORT:PROMPT /OUT:"C:\Users\Terence\Google Drive\CS 302\PA07\ExpressionTree\Debug\ExpressionTree.exe" /INCREMENTAL /NOLOGO kernel32.lib user32.lib gdi32.lib winspool.lib comdlg32.lib advapi32.lib shell32.lib ole32.lib oleaut32.lib uuid.lib odbc32.lib odbccp32.lib /MANIFEST /MANIFESTUAC:"level='asInvoker' uiAccess='false'" /manifest:embed /DEBUG /PDB:"C:\Users\Terence\Google Drive\CS 302\PA07\ExpressionTree\Debug\ExpressionTree.pdb" /SUBSYSTEM:CONSOLE /TLBID:1 /DYNAMICBASE /NXCOMPAT /IMPLIB:"C:\Users\Terence\Google Drive\CS 302\PA07\ExpressionTree\Debug\ExpressionTree.lib" /MACHINE:X86 Debug\ExpressionTree.obj
         Debug\test8.obj
         ExpressionTree.vcxproj -> C:\Users\Terence\Google Drive\CS 302\PA07\ExpressionTree\Debug\ExpressionTree.exe
     1>Done Building Project "C:\Users\Terence\Google Drive\CS 302\PA07\ExpressionTree\ExpressionTree\ExpressionTree.vcxproj" (Rebuild target(s)).

Build succeeded.

Time Elapsed 00:00:02.13
