--------------------------------------------------------------------------------
Release 9.2i Trace 
Copyright (c) 1995-2007 Xilinx, Inc.  All rights reserved.

C:\Xilinx92i\bin\nt\trce.exe -ise
C:/Documents and Settings/thenriod/Desktop/FPGA Programming/Lab11(C)/Lab11(C).ise
-intstyle ise -e 3 -s 5 -xml decoder_2_4 decoder_2_4.ncd -o decoder_2_4.twr
decoder_2_4.pcf -ucf decoder_2_4.ucf

Design file:              decoder_2_4.ncd
Physical constraint file: decoder_2_4.pcf
Device,package,speed:     xc3s500e,fg320,-5 (PRODUCTION 1.26 2007-04-13)
Report level:             error report

Environment Variable      Effect 
--------------------      ------ 
NONE                      No environment variables were set
--------------------------------------------------------------------------------

INFO:Timing:2698 - No timing constraints found, doing default enumeration.
INFO:Timing:2752 - To get complete path coverage, use the unconstrained paths 
   option. All paths that are not constrained will be reported in the 
   unconstrained paths section(s) of the report.
INFO:Timing:3339 - The clock-to-out numbers in this timing report are based on 
   a 50 Ohm transmission line loading model.  For the details of this model, 
   and for more information on accounting for different loading conditions, 
   please see the device datasheet.



Data Sheet report:
-----------------
All values displayed in nanoseconds (ns)

Pad to Pad
---------------+---------------+---------+
Source Pad     |Destination Pad|  Delay  |
---------------+---------------+---------+
en             |y<0>           |    8.223|
en             |y<1>           |    7.403|
en             |y<2>           |    9.223|
en             |y<3>           |    7.902|
x<0>           |y<0>           |    8.367|
x<0>           |y<1>           |    6.629|
x<0>           |y<2>           |    9.423|
x<0>           |y<3>           |    7.133|
x<1>           |y<0>           |    8.651|
x<1>           |y<1>           |    7.010|
x<1>           |y<2>           |    9.685|
x<1>           |y<3>           |    7.565|
---------------+---------------+---------+


Analysis completed Sun Dec 08 14:58:41 2013 
--------------------------------------------------------------------------------

Trace Settings:
-------------------------
Trace Settings 

Peak Memory Usage: 95 MB



