 command line:
   ./deecoder2_4_top_v_isim_beh.exe
     -intstyle  ise
     -ipchost  localhost
     -ipcport  1550

Sun Dec 08 15:00:06 2013

Total Line Count : 65

 Elaboration time : 0 sec.

 Estimate current memory usage : 116.867 Meg. 

 Total Signals          : 12
 Total Nets             : 15
 Total Signal Drivers   : 9
 Total Blocks           : 3
 Total Primitive Blocks : 2
 Total Processes        : 12
 Total Traceable Variables  : 19
 Total Scalar Nets and Variables : 97
ntrace select -o on -m / -l this 
ntrace start 
isimrun 1000 ns 
Simulator is doing circuit initialization process.
Finished circuit initialization process.

 Simulation time 0.03125 sec.

 Estimate current memory usage : 125.256 Meg. 

Sun Dec 08 15:00:28 2013

