C:\USERS\TERENCE\GOOGLE DRIVE\CS 302\PA08\BINARYSEARCHTREE\BINARYSEARCHTREE\DEBUG\BSTREE.OBJ
C:\USERS\TERENCE\GOOGLE DRIVE\CS 302\PA08\BINARYSEARCHTREE\BINARYSEARCHTREE\DEBUG\TEST9.OBJ
C:\USERS\TERENCE\GOOGLE DRIVE\CS 302\PA08\BINARYSEARCHTREE\BINARYSEARCHTREE\DEBUG\VC110.PDB
C:\USERS\TERENCE\GOOGLE DRIVE\CS 302\PA08\BINARYSEARCHTREE\DEBUG\BINARYSEARCHTREE.ILK
C:\USERS\TERENCE\GOOGLE DRIVE\CS 302\PA08\BINARYSEARCHTREE\DEBUG\BINARYSEARCHTREE.EXE
C:\USERS\TERENCE\GOOGLE DRIVE\CS 302\PA08\BINARYSEARCHTREE\DEBUG\BINARYSEARCHTREE.PDB
C:\Users\Terence\Google Drive\CS 302\PA08\BinarySearchTree\BinarySearchTree\Debug\BSTree.obj
C:\Users\Terence\Google Drive\CS 302\PA08\BinarySearchTree\BinarySearchTree\Debug\test9.obj
C:\Users\Terence\Google Drive\CS 302\PA08\BinarySearchTree\BinarySearchTree\Debug\cl.command.1.tlog
C:\Users\Terence\Google Drive\CS 302\PA08\BinarySearchTree\BinarySearchTree\Debug\CL.read.1.tlog
C:\Users\Terence\Google Drive\CS 302\PA08\BinarySearchTree\BinarySearchTree\Debug\CL.write.1.tlog
C:\Users\Terence\Google Drive\CS 302\PA08\BinarySearchTree\BinarySearchTree\Debug\link-cvtres.read.1.tlog
C:\Users\Terence\Google Drive\CS 302\PA08\BinarySearchTree\BinarySearchTree\Debug\link-cvtres.write.1.tlog
C:\Users\Terence\Google Drive\CS 302\PA08\BinarySearchTree\BinarySearchTree\Debug\link-rc.read.1.tlog
C:\Users\Terence\Google Drive\CS 302\PA08\BinarySearchTree\BinarySearchTree\Debug\link-rc.write.1.tlog
C:\Users\Terence\Google Drive\CS 302\PA08\BinarySearchTree\BinarySearchTree\Debug\link.command.1.tlog
C:\Users\Terence\Google Drive\CS 302\PA08\BinarySearchTree\BinarySearchTree\Debug\link.read.1.tlog
C:\Users\Terence\Google Drive\CS 302\PA08\BinarySearchTree\BinarySearchTree\Debug\link.write.1.tlog
C:\Users\Terence\Google Drive\CS 302\PA08\BinarySearchTree\BinarySearchTree\Debug\vc110.idb
C:\Users\Terence\Google Drive\CS 302\PA08\BinarySearchTree\BinarySearchTree\Debug\vc110.pdb
C:\Users\Terence\Google Drive\CS 302\PA08\BinarySearchTree\Debug\BinarySearchTree.pdb
C:\Users\Terence\Google Drive\CS 302\PA08\BinarySearchTree\Debug\BinarySearchTree.exe
C:\Users\Terence\Google Drive\CS 302\PA08\BinarySearchTree\Debug\BinarySearchTree.ilk
