C:\USERS\TERENCE\GOOGLE DRIVE\CS 302\PA11 (1)\WEIGHTEDGRAPH\WEIGHTEDGRAPH\DEBUG\TEST12.OBJ
C:\USERS\TERENCE\GOOGLE DRIVE\CS 302\PA11 (1)\WEIGHTEDGRAPH\WEIGHTEDGRAPH\DEBUG\WEIGHTEDGRAPH.OBJ
C:\USERS\TERENCE\GOOGLE DRIVE\CS 302\PA11 (1)\WEIGHTEDGRAPH\WEIGHTEDGRAPH\DEBUG\VC110.PDB
C:\USERS\TERENCE\GOOGLE DRIVE\CS 302\PA11 (1)\WEIGHTEDGRAPH\DEBUG\WEIGHTEDGRAPH.ILK
C:\USERS\TERENCE\GOOGLE DRIVE\CS 302\PA11 (1)\WEIGHTEDGRAPH\DEBUG\WEIGHTEDGRAPH.EXE
C:\USERS\TERENCE\GOOGLE DRIVE\CS 302\PA11 (1)\WEIGHTEDGRAPH\DEBUG\WEIGHTEDGRAPH.PDB
C:\Users\Terence\Google Drive\CS 302\PA11\WeightedGraph\WeightedGraph\Debug\test12.obj
C:\Users\Terence\Google Drive\CS 302\PA11\WeightedGraph\WeightedGraph\Debug\WeightedGraph.obj
C:\Users\Terence\Google Drive\CS 302\PA11\WeightedGraph\WeightedGraph\Debug\cl.command.1.tlog
C:\Users\Terence\Google Drive\CS 302\PA11\WeightedGraph\WeightedGraph\Debug\CL.read.1.tlog
C:\Users\Terence\Google Drive\CS 302\PA11\WeightedGraph\WeightedGraph\Debug\CL.write.1.tlog
C:\Users\Terence\Google Drive\CS 302\PA11\WeightedGraph\WeightedGraph\Debug\link-cvtres.read.1.tlog
C:\Users\Terence\Google Drive\CS 302\PA11\WeightedGraph\WeightedGraph\Debug\link-cvtres.write.1.tlog
C:\Users\Terence\Google Drive\CS 302\PA11\WeightedGraph\WeightedGraph\Debug\link-rc.read.1.tlog
C:\Users\Terence\Google Drive\CS 302\PA11\WeightedGraph\WeightedGraph\Debug\link-rc.write.1.tlog
C:\Users\Terence\Google Drive\CS 302\PA11\WeightedGraph\WeightedGraph\Debug\link.command.1.tlog
C:\Users\Terence\Google Drive\CS 302\PA11\WeightedGraph\WeightedGraph\Debug\link.read.1.tlog
C:\Users\Terence\Google Drive\CS 302\PA11\WeightedGraph\WeightedGraph\Debug\link.write.1.tlog
C:\Users\Terence\Google Drive\CS 302\PA11\WeightedGraph\WeightedGraph\Debug\vc110.idb
C:\Users\Terence\Google Drive\CS 302\PA11\WeightedGraph\WeightedGraph\Debug\vc110.pdb
C:\Users\Terence\Google Drive\CS 302\PA11\WeightedGraph\Debug\WeightedGraph.pdb
C:\Users\Terence\Google Drive\CS 302\PA11\WeightedGraph\Debug\WeightedGraph.exe
C:\Users\Terence\Google Drive\CS 302\PA11\WeightedGraph\Debug\WeightedGraph.ilk
