Build started 11/26/2013 4:16:33 PM.
     1>Project "C:\Users\Terence\Google Drive\CS 302\PA11\WeightedGraph\WeightedGraph\WeightedGraph.vcxproj" on node 2 (Rebuild target(s)).
     1>ClCompile:
         C:\Program Files (x86)\Microsoft Visual Studio 11.0\VC\bin\CL.exe /c /ZI /nologo /W3 /WX- /Od /Oy- /D WIN32 /D _DEBUG /D _CONSOLE /D _UNICODE /D UNICODE /Gm /EHsc /RTC1 /MDd /GS /fp:precise /Zc:wchar_t /Zc:forScope /Fo"Debug\\" /Fd"Debug\vc110.pdb" /Gd /TP /analyze- /errorReport:prompt ..\..\Doxy11\test12.cpp ..\..\Doxy11\WeightedGraph.cpp
         WeightedGraph.cpp
     1>c:\users\terence\google drive\cs 302\pa11\doxy11\weightedgraph.h(94): warning C4290: C++ exception specification ignored except to indicate a function is not __declspec(nothrow)
     1>c:\users\terence\google drive\cs 302\pa11\doxy11\weightedgraph.h(96): warning C4290: C++ exception specification ignored except to indicate a function is not __declspec(nothrow)
     1>c:\users\terence\google drive\cs 302\pa11\doxy11\weightedgraph.h(99): warning C4290: C++ exception specification ignored except to indicate a function is not __declspec(nothrow)
     1>c:\users\terence\google drive\cs 302\pa11\doxy11\weightedgraph.h(100): warning C4290: C++ exception specification ignored except to indicate a function is not __declspec(nothrow)
     1>c:\users\terence\google drive\cs 302\pa11\doxy11\weightedgraph.h(102): warning C4290: C++ exception specification ignored except to indicate a function is not __declspec(nothrow)
     1>c:\users\terence\google drive\cs 302\pa11\doxy11\weightedgraph.cpp(298): warning C4290: C++ exception specification ignored except to indicate a function is not __declspec(nothrow)
     1>c:\users\terence\google drive\cs 302\pa11\doxy11\weightedgraph.cpp(445): warning C4290: C++ exception specification ignored except to indicate a function is not __declspec(nothrow)
     1>c:\users\terence\google drive\cs 302\pa11\doxy11\weightedgraph.cpp(591): warning C4290: C++ exception specification ignored except to indicate a function is not __declspec(nothrow)
     1>c:\users\terence\google drive\cs 302\pa11\doxy11\weightedgraph.cpp(675): warning C4290: C++ exception specification ignored except to indicate a function is not __declspec(nothrow)
     1>c:\users\terence\google drive\cs 302\pa11\doxy11\weightedgraph.cpp(795): warning C4290: C++ exception specification ignored except to indicate a function is not __declspec(nothrow)
         test12.cpp
     1>c:\users\terence\google drive\cs 302\pa11\doxy11\weightedgraph.h(94): warning C4290: C++ exception specification ignored except to indicate a function is not __declspec(nothrow)
     1>c:\users\terence\google drive\cs 302\pa11\doxy11\weightedgraph.h(96): warning C4290: C++ exception specification ignored except to indicate a function is not __declspec(nothrow)
     1>c:\users\terence\google drive\cs 302\pa11\doxy11\weightedgraph.h(99): warning C4290: C++ exception specification ignored except to indicate a function is not __declspec(nothrow)
     1>c:\users\terence\google drive\cs 302\pa11\doxy11\weightedgraph.h(100): warning C4290: C++ exception specification ignored except to indicate a function is not __declspec(nothrow)
     1>c:\users\terence\google drive\cs 302\pa11\doxy11\weightedgraph.h(102): warning C4290: C++ exception specification ignored except to indicate a function is not __declspec(nothrow)
         Generating Code...
       Link:
         C:\Program Files (x86)\Microsoft Visual Studio 11.0\VC\bin\link.exe /ERRORREPORT:PROMPT /OUT:"C:\Users\Terence\Google Drive\CS 302\PA11\WeightedGraph\Debug\WeightedGraph.exe" /INCREMENTAL /NOLOGO kernel32.lib user32.lib gdi32.lib winspool.lib comdlg32.lib advapi32.lib shell32.lib ole32.lib oleaut32.lib uuid.lib odbc32.lib odbccp32.lib /MANIFEST /MANIFESTUAC:"level='asInvoker' uiAccess='false'" /manifest:embed /DEBUG /PDB:"C:\Users\Terence\Google Drive\CS 302\PA11\WeightedGraph\Debug\WeightedGraph.pdb" /SUBSYSTEM:CONSOLE /TLBID:1 /DYNAMICBASE /NXCOMPAT /IMPLIB:"C:\Users\Terence\Google Drive\CS 302\PA11\WeightedGraph\Debug\WeightedGraph.lib" /MACHINE:X86 Debug\test12.obj
         Debug\WeightedGraph.obj
         WeightedGraph.vcxproj -> C:\Users\Terence\Google Drive\CS 302\PA11\WeightedGraph\Debug\WeightedGraph.exe
     1>Done Building Project "C:\Users\Terence\Google Drive\CS 302\PA11\WeightedGraph\WeightedGraph\WeightedGraph.vcxproj" (Rebuild target(s)).

Build succeeded.

Time Elapsed 00:00:02.59
