\BOOKMARK [0][-]{chapter.1}{\376\377\000C\000l\000a\000s\000s\000\040\000I\000n\000d\000e\000x}{}
\BOOKMARK [1][-]{section.1.1}{\376\377\000C\000l\000a\000s\000s\000\040\000L\000i\000s\000t}{chapter.1}
\BOOKMARK [0][-]{chapter.2}{\376\377\000F\000i\000l\000e\000\040\000I\000n\000d\000e\000x}{}
\BOOKMARK [1][-]{section.2.1}{\376\377\000F\000i\000l\000e\000\040\000L\000i\000s\000t}{chapter.2}
\BOOKMARK [0][-]{chapter.3}{\376\377\000C\000l\000a\000s\000s\000\040\000D\000o\000c\000u\000m\000e\000n\000t\000a\000t\000i\000o\000n}{}
\BOOKMARK [1][-]{section.3.1}{\376\377\000W\000e\000i\000g\000h\000t\000e\000d\000G\000r\000a\000p\000h\000:\000:\000V\000e\000r\000t\000e\000x\000\040\000C\000l\000a\000s\000s\000\040\000R\000e\000f\000e\000r\000e\000n\000c\000e}{chapter.3}
\BOOKMARK [2][-]{subsection.3.1.1}{\376\377\000D\000e\000t\000a\000i\000l\000e\000d\000\040\000D\000e\000s\000c\000r\000i\000p\000t\000i\000o\000n}{section.3.1}
\BOOKMARK [2][-]{subsection.3.1.2}{\376\377\000M\000e\000m\000b\000e\000r\000\040\000F\000u\000n\000c\000t\000i\000o\000n\000\040\000D\000o\000c\000u\000m\000e\000n\000t\000a\000t\000i\000o\000n}{section.3.1}
\BOOKMARK [3][-]{subsubsection.3.1.2.1}{\376\377\000g\000e\000t\000C\000o\000l\000o\000r}{subsection.3.1.2}
\BOOKMARK [3][-]{subsubsection.3.1.2.2}{\376\377\000g\000e\000t\000L\000a\000b\000e\000l}{subsection.3.1.2}
\BOOKMARK [3][-]{subsubsection.3.1.2.3}{\376\377\000s\000e\000t\000C\000o\000l\000o\000r}{subsection.3.1.2}
\BOOKMARK [3][-]{subsubsection.3.1.2.4}{\376\377\000s\000e\000t\000L\000a\000b\000e\000l}{subsection.3.1.2}
\BOOKMARK [2][-]{subsection.3.1.3}{\376\377\000M\000e\000m\000b\000e\000r\000\040\000D\000a\000t\000a\000\040\000D\000o\000c\000u\000m\000e\000n\000t\000a\000t\000i\000o\000n}{section.3.1}
\BOOKMARK [3][-]{subsubsection.3.1.3.1}{\376\377\000c\000o\000l\000o\000r}{subsection.3.1.3}
\BOOKMARK [3][-]{subsubsection.3.1.3.2}{\376\377\000l\000a\000b\000e\000l}{subsection.3.1.3}
\BOOKMARK [1][-]{section.3.2}{\376\377\000W\000e\000i\000g\000h\000e\000d\000G\000r\000a\000p\000h\000\040\000C\000l\000a\000s\000s\000\040\000R\000e\000f\000e\000r\000e\000n\000c\000e}{chapter.3}
\BOOKMARK [2][-]{subsection.3.2.1}{\376\377\000D\000e\000t\000a\000i\000l\000e\000d\000\040\000D\000e\000s\000c\000r\000i\000p\000t\000i\000o\000n}{section.3.2}
\BOOKMARK [1][-]{section.3.3}{\376\377\000W\000e\000i\000g\000h\000t\000e\000d\000G\000r\000a\000p\000h\000\040\000C\000l\000a\000s\000s\000\040\000R\000e\000f\000e\000r\000e\000n\000c\000e}{chapter.3}
\BOOKMARK [2][-]{subsection.3.3.1}{\376\377\000C\000o\000n\000s\000t\000r\000u\000c\000t\000o\000r\000\040\000\046\000\040\000D\000e\000s\000t\000r\000u\000c\000t\000o\000r\000\040\000D\000o\000c\000u\000m\000e\000n\000t\000a\000t\000i\000o\000n}{section.3.3}
\BOOKMARK [3][-]{subsubsection.3.3.1.1}{\376\377\000W\000e\000i\000g\000h\000t\000e\000d\000G\000r\000a\000p\000h}{subsection.3.3.1}
\BOOKMARK [3][-]{subsubsection.3.3.1.2}{\376\377\000W\000e\000i\000g\000h\000t\000e\000d\000G\000r\000a\000p\000h}{subsection.3.3.1}
\BOOKMARK [3][-]{subsubsection.3.3.1.3}{\376\377\000W\000e\000i\000g\000h\000t\000e\000d\000G\000r\000a\000p\000h}{subsection.3.3.1}
\BOOKMARK [2][-]{subsection.3.3.2}{\376\377\000M\000e\000m\000b\000e\000r\000\040\000F\000u\000n\000c\000t\000i\000o\000n\000\040\000D\000o\000c\000u\000m\000e\000n\000t\000a\000t\000i\000o\000n}{section.3.3}
\BOOKMARK [3][-]{subsubsection.3.3.2.1}{\376\377\000a\000r\000e\000A\000l\000l\000E\000v\000e\000n}{subsection.3.3.2}
\BOOKMARK [3][-]{subsubsection.3.3.2.2}{\376\377\000c\000l\000e\000a\000r}{subsection.3.3.2}
\BOOKMARK [3][-]{subsubsection.3.3.2.3}{\376\377\000c\000o\000m\000p\000u\000t\000e\000P\000a\000t\000h\000s}{subsection.3.3.2}
\BOOKMARK [3][-]{subsubsection.3.3.2.4}{\376\377\000g\000e\000t\000E\000d\000g\000e}{subsection.3.3.2}
\BOOKMARK [3][-]{subsubsection.3.3.2.5}{\376\377\000g\000e\000t\000E\000d\000g\000e\000W\000e\000i\000g\000h\000t}{subsection.3.3.2}
\BOOKMARK [3][-]{subsubsection.3.3.2.6}{\376\377\000g\000e\000t\000I\000n\000d\000e\000x}{subsection.3.3.2}
\BOOKMARK [3][-]{subsubsection.3.3.2.7}{\376\377\000g\000e\000t\000P\000a\000t\000h}{subsection.3.3.2}
\BOOKMARK [3][-]{subsubsection.3.3.2.8}{\376\377\000h\000a\000s\000P\000r\000o\000p\000e\000r\000C\000o\000l\000o\000r\000i\000n\000g}{subsection.3.3.2}
\BOOKMARK [3][-]{subsubsection.3.3.2.9}{\376\377\000i\000n\000s\000e\000r\000t\000E\000d\000g\000e}{subsection.3.3.2}
\BOOKMARK [3][-]{subsubsection.3.3.2.10}{\376\377\000i\000n\000s\000e\000r\000t\000V\000e\000r\000t\000e\000x}{subsection.3.3.2}
\BOOKMARK [3][-]{subsubsection.3.3.2.11}{\376\377\000i\000s\000E\000m\000p\000t\000y}{subsection.3.3.2}
\BOOKMARK [3][-]{subsubsection.3.3.2.12}{\376\377\000i\000s\000F\000u\000l\000l}{subsection.3.3.2}
\BOOKMARK [3][-]{subsubsection.3.3.2.13}{\376\377\000o\000p\000e\000r\000a\000t\000o\000r\000=}{subsection.3.3.2}
\BOOKMARK [3][-]{subsubsection.3.3.2.14}{\376\377\000r\000e\000m\000o\000v\000e\000E\000d\000g\000e}{subsection.3.3.2}
\BOOKMARK [3][-]{subsubsection.3.3.2.15}{\376\377\000r\000e\000m\000o\000v\000e\000V\000e\000r\000t\000e\000x}{subsection.3.3.2}
\BOOKMARK [3][-]{subsubsection.3.3.2.16}{\376\377\000r\000e\000t\000r\000i\000e\000v\000e\000V\000e\000r\000t\000e\000x}{subsection.3.3.2}
\BOOKMARK [3][-]{subsubsection.3.3.2.17}{\376\377\000s\000e\000t\000E\000d\000g\000e}{subsection.3.3.2}
\BOOKMARK [3][-]{subsubsection.3.3.2.18}{\376\377\000s\000e\000t\000P\000a\000t\000h}{subsection.3.3.2}
\BOOKMARK [3][-]{subsubsection.3.3.2.19}{\376\377\000s\000h\000o\000w\000S\000h\000o\000r\000t\000e\000s\000t\000P\000a\000t\000h\000s}{subsection.3.3.2}
\BOOKMARK [3][-]{subsubsection.3.3.2.20}{\376\377\000s\000h\000o\000w\000S\000t\000r\000u\000c\000t\000u\000r\000e}{subsection.3.3.2}
\BOOKMARK [2][-]{subsection.3.3.3}{\376\377\000M\000e\000m\000b\000e\000r\000\040\000D\000a\000t\000a\000\040\000D\000o\000c\000u\000m\000e\000n\000t\000a\000t\000i\000o\000n}{section.3.3}
\BOOKMARK [3][-]{subsubsection.3.3.3.1}{\376\377\000a\000d\000j\000a\000c\000e\000n\000c\000y\000M\000a\000t\000r\000i\000x}{subsection.3.3.3}
\BOOKMARK [3][-]{subsubsection.3.3.3.2}{\376\377\000D\000E\000F\000A\000U\000L\000T\000\137\000C\000O\000L\000O\000R}{subsection.3.3.3}
\BOOKMARK [3][-]{subsubsection.3.3.3.3}{\376\377\000I\000N\000F\000I\000N\000I\000T\000E\000\137\000E\000D\000G\000E\000\137\000W\000T}{subsection.3.3.3}
\BOOKMARK [3][-]{subsubsection.3.3.3.4}{\376\377\000L\000O\000O\000P\000\137\000C\000O\000S\000T}{subsection.3.3.3}
\BOOKMARK [3][-]{subsubsection.3.3.3.5}{\376\377\000M\000A\000X\000\137\000G\000R\000A\000P\000H\000\137\000S\000I\000Z\000E}{subsection.3.3.3}
\BOOKMARK [3][-]{subsubsection.3.3.3.6}{\376\377\000m\000a\000x\000S\000i\000z\000e}{subsection.3.3.3}
\BOOKMARK [3][-]{subsubsection.3.3.3.7}{\376\377\000N\000O\000T\000\137\000F\000O\000U\000N\000D}{subsection.3.3.3}
\BOOKMARK [3][-]{subsubsection.3.3.3.8}{\376\377\000p\000a\000t\000h\000M\000a\000t\000r\000i\000x}{subsection.3.3.3}
\BOOKMARK [3][-]{subsubsection.3.3.3.9}{\376\377\000s\000i\000z\000e}{subsection.3.3.3}
\BOOKMARK [3][-]{subsubsection.3.3.3.10}{\376\377\000v\000e\000r\000t\000e\000x\000L\000i\000s\000t}{subsection.3.3.3}
\BOOKMARK [0][-]{chapter.4}{\376\377\000F\000i\000l\000e\000\040\000D\000o\000c\000u\000m\000e\000n\000t\000a\000t\000i\000o\000n}{}
\BOOKMARK [1][-]{section.4.1}{\376\377\000/\000n\000f\000s\000/\000h\000o\000m\000e\000/\000t\000h\000e\000n\000r\000i\000o\000d\000/\000D\000e\000s\000k\000t\000o\000p\000/\000P\000A\0001\0001\000/\000D\000o\000x\000y\0001\0001\000/\000c\000o\000n\000f\000i\000g\000.\000h\000\040\000F\000i\000l\000e\000\040\000R\000e\000f\000e\000r\000e\000n\000c\000e}{chapter.4}
\BOOKMARK [2][-]{subsection.4.1.1}{\376\377\000D\000e\000f\000i\000n\000e\000\040\000D\000o\000c\000u\000m\000e\000n\000t\000a\000t\000i\000o\000n}{section.4.1}
\BOOKMARK [3][-]{subsubsection.4.1.1.1}{\376\377\000L\000A\000B\0001\0002\000\137\000T\000E\000S\000T\0001}{subsection.4.1.1}
\BOOKMARK [3][-]{subsubsection.4.1.1.2}{\376\377\000L\000A\000B\0001\0002\000\137\000T\000E\000S\000T\0002}{subsection.4.1.1}
\BOOKMARK [3][-]{subsubsection.4.1.1.3}{\376\377\000L\000A\000B\0001\0002\000\137\000T\000E\000S\000T\0003}{subsection.4.1.1}
\BOOKMARK [1][-]{section.4.2}{\376\377\000/\000n\000f\000s\000/\000h\000o\000m\000e\000/\000t\000h\000e\000n\000r\000i\000o\000d\000/\000D\000e\000s\000k\000t\000o\000p\000/\000P\000A\0001\0001\000/\000D\000o\000x\000y\0001\0001\000/\000t\000e\000s\000t\0001\0002\000.\000c\000p\000p\000\040\000F\000i\000l\000e\000\040\000R\000e\000f\000e\000r\000e\000n\000c\000e}{chapter.4}
\BOOKMARK [2][-]{subsection.4.2.1}{\376\377\000F\000u\000n\000c\000t\000i\000o\000n\000\040\000D\000o\000c\000u\000m\000e\000n\000t\000a\000t\000i\000o\000n}{section.4.2}
\BOOKMARK [3][-]{subsubsection.4.2.1.1}{\376\377\000m\000a\000i\000n}{subsection.4.2.1}
\BOOKMARK [3][-]{subsubsection.4.2.1.2}{\376\377\000p\000r\000i\000n\000t\000\137\000h\000e\000l\000p}{subsection.4.2.1}
\BOOKMARK [1][-]{section.4.3}{\376\377\000/\000n\000f\000s\000/\000h\000o\000m\000e\000/\000t\000h\000e\000n\000r\000i\000o\000d\000/\000D\000e\000s\000k\000t\000o\000p\000/\000P\000A\0001\0001\000/\000D\000o\000x\000y\0001\0001\000/\000W\000e\000i\000g\000h\000t\000e\000d\000G\000r\000a\000p\000h\000.\000c\000p\000p\000\040\000F\000i\000l\000e\000\040\000R\000e\000f\000e\000r\000e\000n\000c\000e}{chapter.4}
\BOOKMARK [2][-]{subsection.4.3.1}{\376\377\000D\000e\000t\000a\000i\000l\000e\000d\000\040\000D\000e\000s\000c\000r\000i\000p\000t\000i\000o\000n}{section.4.3}
\BOOKMARK [2][-]{subsection.4.3.2}{\376\377\000D\000e\000f\000i\000n\000e\000\040\000D\000o\000c\000u\000m\000e\000n\000t\000a\000t\000i\000o\000n}{section.4.3}
\BOOKMARK [3][-]{subsubsection.4.3.2.1}{\376\377\000N\000D\000E\000B\000U\000G}{subsection.4.3.2}
\BOOKMARK [1][-]{section.4.4}{\376\377\000/\000n\000f\000s\000/\000h\000o\000m\000e\000/\000t\000h\000e\000n\000r\000i\000o\000d\000/\000D\000e\000s\000k\000t\000o\000p\000/\000P\000A\0001\0001\000/\000D\000o\000x\000y\0001\0001\000/\000W\000e\000i\000g\000h\000t\000e\000d\000G\000r\000a\000p\000h\000.\000h\000\040\000F\000i\000l\000e\000\040\000R\000e\000f\000e\000r\000e\000n\000c\000e}{chapter.4}
\BOOKMARK [2][-]{subsection.4.4.1}{\376\377\000D\000e\000t\000a\000i\000l\000e\000d\000\040\000D\000e\000s\000c\000r\000i\000p\000t\000i\000o\000n}{section.4.4}
\BOOKMARK [2][-]{subsection.4.4.2}{\376\377\000V\000a\000r\000i\000a\000b\000l\000e\000\040\000D\000o\000c\000u\000m\000e\000n\000t\000a\000t\000i\000o\000n}{section.4.4}
\BOOKMARK [3][-]{subsubsection.4.4.2.1}{\376\377\000U\000N\000L\000A\000B\000E\000L\000E\000D}{subsection.4.4.2}
