C:\USERS\TERENCE\GOOGLE DRIVE\CS 302\PA12\RUSHFINAL\RUSHFINAL\DEBUG\GAMESTATE.OBJ
C:\USERS\TERENCE\GOOGLE DRIVE\CS 302\PA12\RUSHFINAL\RUSHFINAL\DEBUG\RUSHFINAL.OBJ
C:\USERS\TERENCE\GOOGLE DRIVE\CS 302\PA12\RUSHFINAL\RUSHFINAL\DEBUG\VC110.PDB
C:\USERS\TERENCE\GOOGLE DRIVE\CS 302\PA12\RUSHFINAL\DEBUG\RUSHFINAL.ILK
C:\USERS\TERENCE\GOOGLE DRIVE\CS 302\PA12\RUSHFINAL\DEBUG\RUSHFINAL.EXE
C:\USERS\TERENCE\GOOGLE DRIVE\CS 302\PA12\RUSHFINAL\DEBUG\RUSHFINAL.PDB
C:\Users\Terence\Google Drive\CS 302\PA12\RushFinal\RushFinal\Debug\GameState.obj
C:\Users\Terence\Google Drive\CS 302\PA12\RushFinal\RushFinal\Debug\RushFinal.obj
C:\Users\Terence\Google Drive\CS 302\PA12\RushFinal\RushFinal\Debug\cl.command.1.tlog
C:\Users\Terence\Google Drive\CS 302\PA12\RushFinal\RushFinal\Debug\CL.read.1.tlog
C:\Users\Terence\Google Drive\CS 302\PA12\RushFinal\RushFinal\Debug\CL.write.1.tlog
C:\Users\Terence\Google Drive\CS 302\PA12\RushFinal\RushFinal\Debug\link-cvtres.read.1.tlog
C:\Users\Terence\Google Drive\CS 302\PA12\RushFinal\RushFinal\Debug\link-cvtres.write.1.tlog
C:\Users\Terence\Google Drive\CS 302\PA12\RushFinal\RushFinal\Debug\link-rc.read.1.tlog
C:\Users\Terence\Google Drive\CS 302\PA12\RushFinal\RushFinal\Debug\link-rc.write.1.tlog
C:\Users\Terence\Google Drive\CS 302\PA12\RushFinal\RushFinal\Debug\link.command.1.tlog
C:\Users\Terence\Google Drive\CS 302\PA12\RushFinal\RushFinal\Debug\link.read.1.tlog
C:\Users\Terence\Google Drive\CS 302\PA12\RushFinal\RushFinal\Debug\link.write.1.tlog
C:\Users\Terence\Google Drive\CS 302\PA12\RushFinal\RushFinal\Debug\vc110.idb
C:\Users\Terence\Google Drive\CS 302\PA12\RushFinal\RushFinal\Debug\vc110.pdb
C:\Users\Terence\Google Drive\CS 302\PA12\RushFinal\Debug\RushFinal.pdb
C:\Users\Terence\Google Drive\CS 302\PA12\RushFinal\Debug\RushFinal.ilk
