\BOOKMARK [0][-]{chapter.1}{\376\377\000C\000l\000a\000s\000s\000\040\000I\000n\000d\000e\000x}{}
\BOOKMARK [1][-]{section.1.1}{\376\377\000C\000l\000a\000s\000s\000\040\000L\000i\000s\000t}{chapter.1}
\BOOKMARK [0][-]{chapter.2}{\376\377\000F\000i\000l\000e\000\040\000I\000n\000d\000e\000x}{}
\BOOKMARK [1][-]{section.2.1}{\376\377\000F\000i\000l\000e\000\040\000L\000i\000s\000t}{chapter.2}
\BOOKMARK [0][-]{chapter.3}{\376\377\000C\000l\000a\000s\000s\000\040\000D\000o\000c\000u\000m\000e\000n\000t\000a\000t\000i\000o\000n}{}
\BOOKMARK [1][-]{section.3.1}{\376\377\000G\000a\000m\000e\000S\000t\000a\000t\000e\000:\000:\000c\000a\000r\000\040\000S\000t\000r\000u\000c\000t\000\040\000R\000e\000f\000e\000r\000e\000n\000c\000e}{chapter.3}
\BOOKMARK [2][-]{subsection.3.1.1}{\376\377\000D\000e\000t\000a\000i\000l\000e\000d\000\040\000D\000e\000s\000c\000r\000i\000p\000t\000i\000o\000n}{section.3.1}
\BOOKMARK [2][-]{subsection.3.1.2}{\376\377\000M\000e\000m\000b\000e\000r\000\040\000D\000a\000t\000a\000\040\000D\000o\000c\000u\000m\000e\000n\000t\000a\000t\000i\000o\000n}{section.3.1}
\BOOKMARK [3][-]{subsubsection.3.1.2.1}{\376\377\000l\000e\000n\000g\000t\000h}{subsection.3.1.2}
\BOOKMARK [3][-]{subsubsection.3.1.2.2}{\376\377\000o\000r\000i\000e\000n\000t\000a\000t\000i\000o\000n}{subsection.3.1.2}
\BOOKMARK [3][-]{subsubsection.3.1.2.3}{\376\377\000x\000P\000o\000s}{subsection.3.1.2}
\BOOKMARK [3][-]{subsubsection.3.1.2.4}{\376\377\000y\000P\000o\000s}{subsection.3.1.2}
\BOOKMARK [1][-]{section.3.2}{\376\377\000G\000a\000m\000e\000S\000t\000a\000t\000e\000\040\000C\000l\000a\000s\000s\000\040\000R\000e\000f\000e\000r\000e\000n\000c\000e}{chapter.3}
\BOOKMARK [2][-]{subsection.3.2.1}{\376\377\000D\000e\000t\000a\000i\000l\000e\000d\000\040\000D\000e\000s\000c\000r\000i\000p\000t\000i\000o\000n}{section.3.2}
\BOOKMARK [2][-]{subsection.3.2.2}{\376\377\000C\000o\000n\000s\000t\000r\000u\000c\000t\000o\000r\000\040\000\046\000\040\000D\000e\000s\000t\000r\000u\000c\000t\000o\000r\000\040\000D\000o\000c\000u\000m\000e\000n\000t\000a\000t\000i\000o\000n}{section.3.2}
\BOOKMARK [3][-]{subsubsection.3.2.2.1}{\376\377\000G\000a\000m\000e\000S\000t\000a\000t\000e}{subsection.3.2.2}
\BOOKMARK [3][-]{subsubsection.3.2.2.2}{\376\377\000G\000a\000m\000e\000S\000t\000a\000t\000e}{subsection.3.2.2}
\BOOKMARK [3][-]{subsubsection.3.2.2.3}{\376\377\000G\000a\000m\000e\000S\000t\000a\000t\000e}{subsection.3.2.2}
\BOOKMARK [2][-]{subsection.3.2.3}{\376\377\000M\000e\000m\000b\000e\000r\000\040\000F\000u\000n\000c\000t\000i\000o\000n\000\040\000D\000o\000c\000u\000m\000e\000n\000t\000a\000t\000i\000o\000n}{section.3.2}
\BOOKMARK [3][-]{subsubsection.3.2.3.1}{\376\377\000c\000l\000e\000a\000r}{subsection.3.2.3}
\BOOKMARK [3][-]{subsubsection.3.2.3.2}{\376\377\000i\000s\000W\000i\000n}{subsection.3.2.3}
\BOOKMARK [3][-]{subsubsection.3.2.3.3}{\376\377\000m\000o\000v\000e}{subsection.3.2.3}
\BOOKMARK [3][-]{subsubsection.3.2.3.4}{\376\377\000o\000p\000e\000r\000a\000t\000o\000r\000=}{subsection.3.2.3}
\BOOKMARK [3][-]{subsubsection.3.2.3.5}{\376\377\000p\000l\000a\000c\000e\000C\000a\000r}{subsection.3.2.3}
\BOOKMARK [3][-]{subsubsection.3.2.3.6}{\376\377\000p\000r\000i\000n\000t\000B\000o\000a\000r\000d}{subsection.3.2.3}
\BOOKMARK [3][-]{subsubsection.3.2.3.7}{\376\377\000r\000e\000a\000d\000I\000n}{subsection.3.2.3}
\BOOKMARK [3][-]{subsubsection.3.2.3.8}{\376\377\000s\000e\000t\000N\000u\000m\000C\000a\000r\000s}{subsection.3.2.3}
\BOOKMARK [3][-]{subsubsection.3.2.3.9}{\376\377\000s\000t\000r\000i\000n\000g\000i\000f\000y}{subsection.3.2.3}
\BOOKMARK [2][-]{subsection.3.2.4}{\376\377\000M\000e\000m\000b\000e\000r\000\040\000D\000a\000t\000a\000\040\000D\000o\000c\000u\000m\000e\000n\000t\000a\000t\000i\000o\000n}{section.3.2}
\BOOKMARK [3][-]{subsubsection.3.2.4.1}{\376\377\000b\000o\000a\000r\000d}{subsection.3.2.4}
\BOOKMARK [3][-]{subsubsection.3.2.4.2}{\376\377\000c\000a\000r\000L\000i\000s\000t}{subsection.3.2.4}
\BOOKMARK [3][-]{subsubsection.3.2.4.3}{\376\377\000n\000u\000m\000C\000a\000r\000s}{subsection.3.2.4}
\BOOKMARK [0][-]{chapter.4}{\376\377\000F\000i\000l\000e\000\040\000D\000o\000c\000u\000m\000e\000n\000t\000a\000t\000i\000o\000n}{}
\BOOKMARK [1][-]{section.4.1}{\376\377\000G\000a\000m\000e\000S\000t\000a\000t\000e\000.\000c\000p\000p\000\040\000F\000i\000l\000e\000\040\000R\000e\000f\000e\000r\000e\000n\000c\000e}{chapter.4}
\BOOKMARK [2][-]{subsection.4.1.1}{\376\377\000D\000e\000t\000a\000i\000l\000e\000d\000\040\000D\000e\000s\000c\000r\000i\000p\000t\000i\000o\000n}{section.4.1}
\BOOKMARK [1][-]{section.4.2}{\376\377\000G\000a\000m\000e\000S\000t\000a\000t\000e\000.\000h\000\040\000F\000i\000l\000e\000\040\000R\000e\000f\000e\000r\000e\000n\000c\000e}{chapter.4}
\BOOKMARK [2][-]{subsection.4.2.1}{\376\377\000D\000e\000t\000a\000i\000l\000e\000d\000\040\000D\000e\000s\000c\000r\000i\000p\000t\000i\000o\000n}{section.4.2}
\BOOKMARK [2][-]{subsection.4.2.2}{\376\377\000V\000a\000r\000i\000a\000b\000l\000e\000\040\000D\000o\000c\000u\000m\000e\000n\000t\000a\000t\000i\000o\000n}{section.4.2}
\BOOKMARK [3][-]{subsubsection.4.2.2.1}{\376\377\000B\000A\000C\000K\000W\000A\000R\000D}{subsection.4.2.2}
\BOOKMARK [3][-]{subsubsection.4.2.2.2}{\376\377\000F\000O\000R\000W\000A\000R\000D}{subsection.4.2.2}
\BOOKMARK [3][-]{subsubsection.4.2.2.3}{\376\377\000k\000B\000o\000a\000r\000d\000S\000i\000z\000e}{subsection.4.2.2}
\BOOKMARK [3][-]{subsubsection.4.2.2.4}{\376\377\000k\000B\000o\000a\000r\000d\000S\000i\000z\000e\000S\000q\000u\000a\000r\000e\000d}{subsection.4.2.2}
\BOOKMARK [3][-]{subsubsection.4.2.2.5}{\376\377\000k\000C\000a\000r\000D\000a\000t\000a\000S\000i\000z\000e}{subsection.4.2.2}
\BOOKMARK [3][-]{subsubsection.4.2.2.6}{\376\377\000k\000C\000a\000r\000X\000p\000o\000s}{subsection.4.2.2}
\BOOKMARK [3][-]{subsubsection.4.2.2.7}{\376\377\000k\000C\000a\000r\000Y\000p\000o\000s}{subsection.4.2.2}
\BOOKMARK [3][-]{subsubsection.4.2.2.8}{\376\377\000k\000E\000m\000p\000t\000y}{subsection.4.2.2}
\BOOKMARK [3][-]{subsubsection.4.2.2.9}{\376\377\000k\000H\000o\000r\000i\000z\000o\000n\000t\000a\000l}{subsection.4.2.2}
\BOOKMARK [3][-]{subsubsection.4.2.2.10}{\376\377\000k\000L\000e\000n\000g\000t\000h\000P\000o\000s}{subsection.4.2.2}
\BOOKMARK [3][-]{subsubsection.4.2.2.11}{\376\377\000k\000M\000a\000x\000C\000a\000r\000s}{subsection.4.2.2}
\BOOKMARK [3][-]{subsubsection.4.2.2.12}{\376\377\000k\000O\000r\000i\000e\000n\000t\000a\000t\000i\000o\000n\000P\000o\000s}{subsection.4.2.2}
\BOOKMARK [3][-]{subsubsection.4.2.2.13}{\376\377\000k\000V\000e\000r\000t\000i\000c\000a\000l}{subsection.4.2.2}
\BOOKMARK [1][-]{section.4.3}{\376\377\000R\000u\000s\000h\000F\000i\000n\000a\000l\000.\000c\000p\000p\000\040\000F\000i\000l\000e\000\040\000R\000e\000f\000e\000r\000e\000n\000c\000e}{chapter.4}
\BOOKMARK [2][-]{subsection.4.3.1}{\376\377\000D\000e\000t\000a\000i\000l\000e\000d\000\040\000D\000e\000s\000c\000r\000i\000p\000t\000i\000o\000n}{section.4.3}
\BOOKMARK [2][-]{subsection.4.3.2}{\376\377\000F\000u\000n\000c\000t\000i\000o\000n\000\040\000D\000o\000c\000u\000m\000e\000n\000t\000a\000t\000i\000o\000n}{section.4.3}
\BOOKMARK [3][-]{subsubsection.4.3.2.1}{\376\377\000m\000a\000i\000n}{subsection.4.3.2}
\BOOKMARK [3][-]{subsubsection.4.3.2.2}{\376\377\000s\000o\000l\000v\000e\000R\000u\000s\000h\000H\000o\000u\000r}{subsection.4.3.2}
\BOOKMARK [2][-]{subsection.4.3.3}{\376\377\000V\000a\000r\000i\000a\000b\000l\000e\000\040\000D\000o\000c\000u\000m\000e\000n\000t\000a\000t\000i\000o\000n}{section.4.3}
\BOOKMARK [3][-]{subsubsection.4.3.3.1}{\376\377\000k\000U\000n\000s\000o\000l\000v\000a\000b\000l\000e}{subsection.4.3.3}
